<?xml version="1.0" encoding="UTF-8"?>
<testng-results ignored="0" total="2" passed="1" failed="1" skipped="0">
  <reporter-output>
  </reporter-output>
  <suite started-at="2019-09-06T14:14:21Z" name="cleartrip" finished-at="2019-09-06T14:15:22Z" duration-ms="60765">
    <groups>
    </groups>
    <test started-at="2019-09-06T14:14:21Z" name="ticketbooking" finished-at="2019-09-06T14:15:22Z" duration-ms="60765">
      <class name="com.roundwaycleartrip.testscripts.ClearTripAssignment_Roundtrip">
        <test-method is-config="true" signature="initializeBrowser()[pri:0, instance:com.roundwaycleartrip.testscripts.ClearTripAssignment_Roundtrip@5f058f00]" started-at="2019-09-06T14:14:22Z" name="initializeBrowser" finished-at="2019-09-06T14:14:40Z" duration-ms="18255" status="PASS">
          <reporter-output>
          </reporter-output>
        </test-method> <!-- initializeBrowser -->
        <test-method signature="oneWayTrip(java.lang.String, java.lang.String, java.lang.String, java.lang.String, java.lang.String, java.lang.String)[pri:0, instance:com.roundwaycleartrip.testscripts.ClearTripAssignment_Roundtrip@5f058f00]" started-at="2019-09-06T14:14:40Z" name="oneWayTrip" data-provider="testdata" finished-at="2019-09-06T14:14:51Z" duration-ms="10722" status="FAIL">
          <params>
            <param index="0">
              <value>
                <![CDATA[saianusha.p7@gmail.com]]>
              </value>
            </param>
            <param index="1">
              <value>
                <![CDATA[Ms]]>
              </value>
            </param>
            <param index="2">
              <value>
                <![CDATA[Anusha]]>
              </value>
            </param>
            <param index="3">
              <value>
                <![CDATA[Chowdary]]>
              </value>
            </param>
            <param index="4">
              <value>
                <![CDATA[6301657207]]>
              </value>
            </param>
            <param index="5">
              <value>
                <![CDATA[an]]>
              </value>
            </param>
          </params>
          <exception class="org.openqa.selenium.ElementNotInteractableException">
            <message>
              <![CDATA[Element <button class="booking fRight" type="submit"> could not be scrolled into view
Build info: version: '3.141.59', revision: 'e82be7d358', time: '2018-11-14T08:25:53'
System info: host: 'ATMECSINLT-083', ip: '55.55.53.239', os.name: 'Windows 10', os.arch: 'amd64', os.version: '10.0', java.version: '12.0.1'
Driver info: org.openqa.selenium.firefox.FirefoxDriver
Capabilities {acceptInsecureCerts: true, browserName: firefox, browserVersion: 68.0.2, javascriptEnabled: true, moz:accessibilityChecks: false, moz:buildID: 20190813150448, moz:geckodriverVersion: 0.24.0, moz:headless: false, moz:processID: 3608, moz:profile: C:\Users\saianusha.podicher..., moz:shutdownTimeout: 60000, moz:useNonSpecCompliantPointerOrigin: false, moz:webdriverClick: true, pageLoadStrategy: normal, platform: WINDOWS, platformName: WINDOWS, platformVersion: 10.0, rotatable: false, setWindowRect: true, strictFileInteractability: false, timeouts: {implicit: 0, pageLoad: 300000, script: 30000}, unhandledPromptBehavior: dismiss and notify}
Session ID: febc8754-7bae-41fd-9970-f27f3635e3bf]]>
            </message>
            <full-stacktrace>
              <![CDATA[org.openqa.selenium.ElementNotInteractableException: Element <button class="booking fRight" type="submit"> could not be scrolled into view
Build info: version: '3.141.59', revision: 'e82be7d358', time: '2018-11-14T08:25:53'
System info: host: 'ATMECSINLT-083', ip: '55.55.53.239', os.name: 'Windows 10', os.arch: 'amd64', os.version: '10.0', java.version: '12.0.1'
Driver info: org.openqa.selenium.firefox.FirefoxDriver
Capabilities {acceptInsecureCerts: true, browserName: firefox, browserVersion: 68.0.2, javascriptEnabled: true, moz:accessibilityChecks: false, moz:buildID: 20190813150448, moz:geckodriverVersion: 0.24.0, moz:headless: false, moz:processID: 3608, moz:profile: C:\Users\saianusha.podicher..., moz:shutdownTimeout: 60000, moz:useNonSpecCompliantPointerOrigin: false, moz:webdriverClick: true, pageLoadStrategy: normal, platform: WINDOWS, platformName: WINDOWS, platformVersion: 10.0, rotatable: false, setWindowRect: true, strictFileInteractability: false, timeouts: {implicit: 0, pageLoad: 300000, script: 30000}, unhandledPromptBehavior: dismiss and notify}
Session ID: febc8754-7bae-41fd-9970-f27f3635e3bf
at java.base/jdk.internal.reflect.NativeConstructorAccessorImpl.newInstance0(Native Method)
at java.base/jdk.internal.reflect.NativeConstructorAccessorImpl.newInstance(NativeConstructorAccessorImpl.java:62)
at java.base/jdk.internal.reflect.DelegatingConstructorAccessorImpl.newInstance(DelegatingConstructorAccessorImpl.java:45)
at java.base/java.lang.reflect.Constructor.newInstanceWithCaller(Constructor.java:500)
at java.base/java.lang.reflect.Constructor.newInstance(Constructor.java:481)
at org.openqa.selenium.remote.http.W3CHttpResponseCodec.createException(W3CHttpResponseCodec.java:187)
at org.openqa.selenium.remote.http.W3CHttpResponseCodec.decode(W3CHttpResponseCodec.java:122)
at org.openqa.selenium.remote.http.W3CHttpResponseCodec.decode(W3CHttpResponseCodec.java:49)
at org.openqa.selenium.remote.HttpCommandExecutor.execute(HttpCommandExecutor.java:158)
at org.openqa.selenium.remote.service.DriverCommandExecutor.execute(DriverCommandExecutor.java:83)
at org.openqa.selenium.remote.RemoteWebDriver.execute(RemoteWebDriver.java:552)
at org.openqa.selenium.remote.RemoteWebElement.execute(RemoteWebElement.java:285)
at org.openqa.selenium.remote.RemoteWebElement.click(RemoteWebElement.java:84)
at com.roundwaycleartrip.testscripts.ClearTripAssignment_Roundtrip.oneWayTrip(ClearTripAssignment_Roundtrip.java:56)
at java.base/jdk.internal.reflect.NativeMethodAccessorImpl.invoke0(Native Method)
at java.base/jdk.internal.reflect.NativeMethodAccessorImpl.invoke(NativeMethodAccessorImpl.java:62)
at java.base/jdk.internal.reflect.DelegatingMethodAccessorImpl.invoke(DelegatingMethodAccessorImpl.java:43)
at java.base/java.lang.reflect.Method.invoke(Method.java:567)
at org.testng.internal.MethodInvocationHelper.invokeMethod(MethodInvocationHelper.java:124)
at org.testng.internal.Invoker.invokeMethod(Invoker.java:583)
at org.testng.internal.Invoker.invokeTestMethod(Invoker.java:719)
at org.testng.internal.Invoker.invokeTestMethods(Invoker.java:989)
at org.testng.internal.TestMethodWorker.invokeTestMethods(TestMethodWorker.java:125)
at org.testng.internal.TestMethodWorker.run(TestMethodWorker.java:109)
at java.base/java.util.concurrent.ThreadPoolExecutor.runWorker(ThreadPoolExecutor.java:1128)
at java.base/java.util.concurrent.ThreadPoolExecutor$Worker.run(ThreadPoolExecutor.java:628)
at java.base/java.lang.Thread.run(Thread.java:835)
]]>
            </full-stacktrace>
          </exception> <!-- org.openqa.selenium.ElementNotInteractableException -->
          <reporter-output>
          </reporter-output>
        </test-method> <!-- oneWayTrip -->
      </class> <!-- com.roundwaycleartrip.testscripts.ClearTripAssignment_Roundtrip -->
      <class name="com.onewaycleartrip.testscripts.ClearTripAssignment_oneway">
        <test-method is-config="true" signature="initializeBrowser()[pri:0, instance:com.onewaycleartrip.testscripts.ClearTripAssignment_oneway@55b7a4e0]" started-at="2019-09-06T14:14:22Z" name="initializeBrowser" finished-at="2019-09-06T14:14:39Z" duration-ms="16905" status="PASS">
          <reporter-output>
          </reporter-output>
        </test-method> <!-- initializeBrowser -->
        <test-method signature="fromPlace(java.lang.String, java.lang.String, java.lang.String, java.lang.String, java.lang.String, java.lang.String)[pri:0, instance:com.onewaycleartrip.testscripts.ClearTripAssignment_oneway@55b7a4e0]" started-at="2019-09-06T14:14:39Z" name="fromPlace" data-provider="testdata" finished-at="2019-09-06T14:15:22Z" duration-ms="42881" status="PASS">
          <params>
            <param index="0">
              <value>
                <![CDATA[saianusha.p7@gmail.com]]>
              </value>
            </param>
            <param index="1">
              <value>
                <![CDATA[Ms]]>
              </value>
            </param>
            <param index="2">
              <value>
                <![CDATA[Anusha]]>
              </value>
            </param>
            <param index="3">
              <value>
                <![CDATA[Chowdary]]>
              </value>
            </param>
            <param index="4">
              <value>
                <![CDATA[6301657207]]>
              </value>
            </param>
            <param index="5">
              <value>
                <![CDATA[an]]>
              </value>
            </param>
          </params>
          <reporter-output>
          </reporter-output>
        </test-method> <!-- fromPlace -->
      </class> <!-- com.onewaycleartrip.testscripts.ClearTripAssignment_oneway -->
    </test> <!-- ticketbooking -->
  </suite> <!-- cleartrip -->
</testng-results>
